<?xml version="1.0" encoding="UTF-8"?>
<!-- Generated by org.testng.reporters.JUnitReportReporter -->
<testsuite skipped="0" hostname="truptis-MacBook-Pro.local" name="com.webservice.test.AllCountryTest" tests="1" failures="0" timestamp="18 Jul 2017 03:58:38 GMT" time="1.813" errors="0">
  <testcase name="testGetAllCountry" time="1.813" classname="com.webservice.test.AllCountryTest"/>
</testsuite> <!-- com.webservice.test.AllCountryTest -->
