<?xml version="1.0" encoding="UTF-8"?>
<!-- Generated by org.testng.reporters.JUnitReportReporter -->
<testsuite skipped="0" hostname="truptis-MacBook-Pro.local" name="com.webservice.test.CountrySearchTest" tests="1" failures="0" timestamp="18 Jul 2017 02:51:05 GMT" time="1.726" errors="0">
  <testcase name="countrySearchTest" time="1.726" classname="com.webservice.test.CountrySearchTest"/>
</testsuite> <!-- com.webservice.test.CountrySearchTest -->
